<?xml version="1.0" encoding="UTF-8"?>
<testsuites>
  <testsuite name="" tests="3" assertions="3" errors="0" warnings="0" failures="0" skipped="0" time="0.020062">
    <testsuite name="integration" tests="3" assertions="3" errors="0" warnings="0" failures="0" skipped="0" time="0.020062">
      <testsuite name="Welcome_test" file="/application/tests/controllers/Welcome_test.php" tests="3" assertions="3" errors="0" warnings="0" failures="0" skipped="0" time="0.020062">
        <testcase name="test_index" class="Welcome_test" classname="Welcome_test" file="/application/tests/controllers/Welcome_test.php" line="13" assertions="1" time="0.014605"/>
        <testcase name="test_method_404" class="Welcome_test" classname="Welcome_test" file="/application/tests/controllers/Welcome_test.php" line="19" assertions="1" time="0.004264"/>
        <testcase name="test_APPPATH" class="Welcome_test" classname="Welcome_test" file="/application/tests/controllers/Welcome_test.php" line="25" assertions="1" time="0.001194"/>
      </testsuite>
    </testsuite>
  </testsuite>
</testsuites>
